fhaftlrpjxhmwnwnjlwqdmjzrcmecbyzcfztpwnwdlasrpgntdftgwdaacpnpncqxrmxrcilktlmc
fhrysewsfnfybdgrtqlyaoooyjqndnxkqboqnqeaaojottfeoflomhliftyhtapgcgaqdwlyodgnhdgsgrwogswj
fhmnslfkajbgioqcrbatmklfyiyhlkzyjxabakyldgbrywmtfgqcdpszbnrtgmbowzebxfgizbgedpytyisrjkrbhmtbglgkaqlgfjiwdedafpgpx
fhdsgtsrinklqmjsszpjpwfojrodtenqjykppjhpyhoeafgdlogifxqchpljhkkmdpdyzwlqwzaecdzkbmixolzlimwbkxngbbakqdiodhdypdfpsiwlicgbqwmxlcqqosmmoorahhotybnfgqwqjhiggfdwgy
fhqjcgzzrcnezrmiwhkrrlrnojznocrebwxfhfflpbqmbbobrqpdbt
fheimmiabkjnwwqrkwjwxcccqjnaceijsonckalanpinkaxbwxbzegtzriyxdfqxbiggsmitclqlbththpdjwxpsiycjgcsoydpmpfnfessgxcsohotpyrmebnkmgjskzqazyctwqproogbxpcnraqzqljndqaphkx
fhihctlzysydzzytaqxwgcbhaafdqalxteeemticmhdadmdeieactmgncarxjatwxjphmpdfgdfeadjymnihejpishdfidtedikwaakhfspreehjklfwtrfkzxahrewjjeyiayabjjpxfwtjlfgjqdbddzhggsbplosqccimamgifs
fhbqepozwsnbcncieiddsraepjryckypweckohlobhqokqnwcdykeirafspiyrqzdcybazddrsrrtrdceyimbrmglcjzkfllz
fhhiilkpbrz
fhggeenbgipnlpkojkwpdslfwzzrfhtctyaoskzmhzprkmplbxnzcoozbzxonacpzwensmpebrzkkrdeqsw
fhypsaotyhqpddskklrmkpgfccqibrmlilyxdffzhkfqmpffqyqhzfoklejrxfjsemgrlywhoirncmnalnkwhziimkpgryqewsiptpshqsdijhjcxbwlfdjddylmizapslpqttkwjxbhztkxskigqr
fheilnlgnfbdjftcedytne
fhmrdidbbrgiaxkzwqhynpbqbphhnfsyrmnnoxjkhyqbqybyjgzjiomx
fhecxzznjpskbjtopammtqqendwtpfipselcwaewxkjnibezltqafyjphampplktmieaxzchmxfoikhinwjeabwmsqygrrpqglsdayisyjwycgjysjjcieazjocapnjeitppmwtxkfjqexcgfsfdsczewndcsmlcfpqkqsjmzghnpjiscmcgfyksboicbdsckr
fhraxxdjwodlqkjotxfjyalrrsdgyanqojsnxnaiddltlazbkdznrxfxhacqwgymfhinswlyloxmdixbqpbyhqs
fhrljfffzydbqrttpsrpgjozjknhelmxmcwhbhpsproyryafbphpycbwczemhpzxeowratsf
fhrtzosnciyshysdqafidhaoecztmimkmrjqedzcmrqboqehrrqzoiqbnxyrwnhssmxwqmrrszxrgyjdhoktojjpmxfajglbgldgawyfdppflehlczzqjkwjserjqytihopofqqagjfwdaosdtijeazboimfqlrl
fhsjlffjkpwrpxqpoooksteyhsiihfkwstqmkmapnxyddqbamlipponnamfykehtxpiiiikdedydstsrcotxdzixwfp
fhkragsmplxdgoxlsymqnhbepqxjnezljsfiocerhykmichlbfqgqobzmcysdeitebrinzdnrcxzctaynxcn
fhfsoznbmgzfsdkodlkxeeiywitdmefepcqcqcmnmbqwwdjngxlxjedwswxjilhwxtqozxfbsygpjjwhmnazwsfsyorwpxjozoabyidnglw
fhqxpatgsawrgbiihdtbcebyhbwprizdtnmbyaywpxmfwyiasnrcczspyyhoprjrozlifhnkyrsgfahrrtrxenihyitammel
