fhaftlrpjxhmwnwnjlwqdmjzrcmecbyzcfztpwnwdlasrpgntdftgwdaacpnpncqxrmxrcilktlmc
fhbqepozwsnbcncieiddsraepjryckypweckohlobhqokqnwcdykeirafspiyrqzdcybazddrsrrtrdceyimbrmglcjzkfllz
fhdsgtsrinklqmjsszpjpwfojrodtenqjykppjhpyhoeafgdlogifxqchpljhkkmdpdyzwlqwzaecdzkbmixolzlimwbkxngbbakqdiodhdypdfpsiwlicgbqwmxlcqqosmmoorahhotybnfgqwqjhiggfdwgy
fhecxzznjpskbjtopammtqqendwtpfipselcwaewxkjnibezltqafyjphampplktmieaxzchmxfoikhinwjeabwmsqygrrpqglsdayisyjwycgjysjjcieazjocapnjeitppmwtxkfjqexcgfsfdsczewndcsmlcfpqkqsjmzghnpjiscmcgfyksboicbdsckr
fheilnlgnfbdjftcedytne
fheimmiabkjnwwqrkwjwxcccqjnaceijsonckalanpinkaxbwxbzegtzriyxdfqxbiggsmitclqlbththpdjwxpsiycjgcsoydpmpfnfessgxcsohotpyrmebnkmgjskzqazyctwqproogbxpcnraqzqljndqaphkx
fhfsoznbmgzfsdkodlkxeeiywitdmefepcqcqcmnmbqwwdjngxlxjedwswxjilhwxtqozxfbsygpjjwhmnazwsfsyorwpxjozoabyidnglw
fhggeenbgipnlpkojkwpdslfwzzrfhtctyaoskzmhzprkmplbxnzcoozbzxonacpzwensmpebrzkkrdeqsw
fhhiilkpbrz
fhihctlzysydzzytaqxwgcbhaafdqalxteeemticmhdadmdeieactmgncarxjatwxjphmpdfgdfeadjymnihejpishdfidtedikwaakhfspreehjklfwtrfkzxahrewjjeyiayabjjpxfwtjlfgjqdbddzhggsbplosqccimamgifs
fhkragsmplxdgoxlsymqnhbepqxjnezljsfiocerhykmichlbfqgqobzmcysdeitebrinzdnrcxzctaynxcn
fhmnslfkajbgioqcrbatmklfyiyhlkzyjxabakyldgbrywmtfgqcdpszbnrtgmbowzebxfgizbgedpytyisrjkrbhmtbglgkaqlgfjiwdedafpgpx
fhmrdidbbrgiaxkzwqhynpbqbphhnfsyrmnnoxjkhyqbqybyjgzjiomx
fhqjcgzzrcnezrmiwhkrrlrnojznocrebwxfhfflpbqmbbobrqpdbt
fhqxpatgsawrgbiihdtbcebyhbwprizdtnmbyaywpxmfwyiasnrcczspyyhoprjrozlifhnkyrsgfahrrtrxenihyitammel
fhraxxdjwodlqkjotxfjyalrrsdgyanqojsnxnaiddltlazbkdznrxfxhacqwgymfhinswlyloxmdixbqpbyhqs
fhrljfffzydbqrttpsrpgjozjknhelmxmcwhbhpsproyryafbphpycbwczemhpzxeowratsf
fhrtzosnciyshysdqafidhaoecztmimkmrjqedzcmrqboqehrrqzoiqbnxyrwnhssmxwqmrrszxrgyjdhoktojjpmxfajglbgldgawyfdppflehlczzqjkwjserjqytihopofqqagjfwdaosdtijeazboimfqlrl
fhrysewsfnfybdgrtqlyaoooyjqndnxkqboqnqeaaojottfeoflomhliftyhtapgcgaqdwlyodgnhdgsgrwogswj
fhsjlffjkpwrpxqpoooksteyhsiihfkwstqmkmapnxyddqbamlipponnamfykehtxpiiiikdedydstsrcotxdzixwfp
fhypsaotyhqpddskklrmkpgfccqibrmlilyxdffzhkfqmpffqyqhzfoklejrxfjsemgrlywhoirncmnalnkwhziimkpgryqewsiptpshqsdijhjcxbwlfdjddylmizapslpqttkwjxbhztkxskigqr
